<?xml version="1.0" encoding="UTF-8"?>
<!-- Generated by org.testng.reporters.JUnitXMLReporter -->
<testsuite ignored="0" hostname="LAPTOP-LTT1TUOC" failures="0" tests="3" name="Test" time="0.059" errors="0" timestamp="2024-10-26T13:51:15 IST">
  <testcase classname="pac1.contactTest" name="createContact" time="0.01"/>
  <testcase classname="pac1.contactTest" name="deleteContact" time="0.001"/>
  <testcase classname="pac1.contactTest" name="modifyContact" time="0.003"/>
</testsuite> <!-- Test -->
