<?xml version="1.0" encoding="UTF-8"?>
<testng-results ignored="0" total="3" passed="3" failed="0" skipped="0">
  <reporter-output>
  </reporter-output>
  <suite started-at="2024-10-26T13:51:15 IST" name="Suite" finished-at="2024-10-26T13:51:15 IST" duration-ms="59">
    <groups>
    </groups>
    <test started-at="2024-10-26T13:51:15 IST" name="Test" finished-at="2024-10-26T13:51:15 IST" duration-ms="59">
      <class name="pac1.contactTest">
        <test-method signature="createContact()[pri:0, instance:pac1.contactTest@294425a7]" started-at="2024-10-26T13:51:15 IST" name="createContact" finished-at="2024-10-26T13:51:15 IST" duration-ms="10" status="PASS">
          <reporter-output>
          </reporter-output>
        </test-method> <!-- createContact -->
        <test-method signature="deleteContact()[pri:0, instance:pac1.contactTest@294425a7]" started-at="2024-10-26T13:51:15 IST" name="deleteContact" finished-at="2024-10-26T13:51:15 IST" duration-ms="1" status="PASS">
          <reporter-output>
          </reporter-output>
        </test-method> <!-- deleteContact -->
        <test-method signature="modifyContact()[pri:0, instance:pac1.contactTest@294425a7]" started-at="2024-10-26T13:51:15 IST" name="modifyContact" finished-at="2024-10-26T13:51:15 IST" duration-ms="3" status="PASS">
          <reporter-output>
          </reporter-output>
        </test-method> <!-- modifyContact -->
      </class> <!-- pac1.contactTest -->
    </test> <!-- Test -->
  </suite> <!-- Suite -->
</testng-results>
