<?xml version="1.0" encoding="UTF-8"?>
<!-- Generated by org.testng.reporters.JUnitXMLReporter -->
<testsuite ignored="0" hostname="LAPTOP-LTT1TUOC" failures="0" tests="3" name="Default test" time="0.073" errors="0" timestamp="23 Sept 2024 07:53:18 GMT">
  <testcase classname="Testng_features.TC3" name="Tc3" time="0.021"/>
  <testcase classname="Testng_features.TC3" name="Tc3" time="0.003"/>
  <testcase classname="Testng_features.TC3" name="Tc3" time="0.002"/>
</testsuite> <!-- Default test -->
