<?xml version="1.0" encoding="UTF-8"?>
<testng-results ignored="0" total="3" passed="3" failed="0" skipped="0">
  <reporter-output>
  </reporter-output>
  <suite started-at="2024-09-23T07:53:18Z" name="Default suite" finished-at="2024-09-23T07:53:18Z" duration-ms="73">
    <groups>
    </groups>
    <test started-at="2024-09-23T07:53:18Z" name="Default test" finished-at="2024-09-23T07:53:18Z" duration-ms="73">
      <class name="Testng_features.TC3">
        <test-method signature="Tc3(java.lang.String, java.lang.String)[pri:0, instance:Testng_features.TC3@23e84203]" started-at="2024-09-23T07:53:18Z" name="Tc3" data-provider="TestData" finished-at="2024-09-23T07:53:18Z" duration-ms="21" status="PASS">
          <params>
            <param index="0">
              <value>
                <![CDATA[Rohit]]>
              </value>
            </param>
            <param index="1">
              <value>
                <![CDATA[Sharma]]>
              </value>
            </param>
          </params>
          <reporter-output>
          </reporter-output>
        </test-method> <!-- Tc3 -->
        <test-method signature="Tc3(java.lang.String, java.lang.String)[pri:0, instance:Testng_features.TC3@23e84203]" started-at="2024-09-23T07:53:18Z" name="Tc3" data-provider="TestData" finished-at="2024-09-23T07:53:18Z" duration-ms="3" status="PASS">
          <params>
            <param index="0">
              <value>
                <![CDATA[Virat]]>
              </value>
            </param>
            <param index="1">
              <value>
                <![CDATA[Kohli]]>
              </value>
            </param>
          </params>
          <reporter-output>
          </reporter-output>
        </test-method> <!-- Tc3 -->
        <test-method signature="Tc3(java.lang.String, java.lang.String)[pri:0, instance:Testng_features.TC3@23e84203]" started-at="2024-09-23T07:53:18Z" name="Tc3" data-provider="TestData" finished-at="2024-09-23T07:53:18Z" duration-ms="2" status="PASS">
          <params>
            <param index="0">
              <value>
                <![CDATA[Shubnam]]>
              </value>
            </param>
            <param index="1">
              <value>
                <![CDATA[Gill]]>
              </value>
            </param>
          </params>
          <reporter-output>
          </reporter-output>
        </test-method> <!-- Tc3 -->
      </class> <!-- Testng_features.TC3 -->
    </test> <!-- Default test -->
  </suite> <!-- Default suite -->
</testng-results>
