<?xml version="1.0" encoding="UTF-8"?>
<!-- Generated by org.testng.reporters.JUnitXMLReporter -->
<testsuite ignored="2" hostname="LAPTOP-LTT1TUOC" failures="0" tests="4" name="Test" time="0.064" errors="0" timestamp="2024-10-07T18:00:36 IST">
  <testcase classname="com.crm.comcast.contactTest.CreateContactTest" name="createContact" time="0.008"/>
  <testcase classname="com.crm.comcast.contactTest.CreateContactTest" name="createContactWithDate" time="0.001"/>
  <testcase classname="com.crm.comcast.orgtest.CreateOrgTest" name="createOrgTest" time="0.002"/>
  <testcase classname="com.crm.comcast.orgtest.CreateOrgTest" name="createOrgWithIndustryTest" time="0.002"/>
  <testcase classname="com.crm.generic.baseutility.BaseClass" name="@BeforeSuite configBS" time="0.0">
    <ignored/>
  </testcase> <!-- @BeforeSuite configBS -->
  <testcase classname="com.crm.generic.baseutility.BaseClass" name="@AfterSuite configAS" time="0.0">
    <ignored/>
  </testcase> <!-- @AfterSuite configAS -->
</testsuite> <!-- Test -->
