<?xml version="1.0" encoding="UTF-8"?>
<testng-results ignored="0" total="1" passed="1" failed="0" skipped="0">
  <reporter-output>
  </reporter-output>
  <suite started-at="2024-10-16T14:35:51 IST" name="Default suite" finished-at="2024-10-16T14:36:04 IST" duration-ms="12888">
    <groups>
    </groups>
    <test started-at="2024-10-16T14:35:51 IST" name="Default test" finished-at="2024-10-16T14:36:04 IST" duration-ms="12888">
      <class name="practice.testNG.SampleReportTest">
        <test-method is-config="true" signature="configBS()[pri:0, instance:practice.testNG.SampleReportTest@6a6cb05c]" started-at="2024-10-16T14:35:51 IST" name="configBS" finished-at="2024-10-16T14:35:51 IST" duration-ms="221" status="PASS">
          <reporter-output>
          </reporter-output>
        </test-method> <!-- configBS -->
        <test-method signature="createContactTest()[pri:0, instance:practice.testNG.SampleReportTest@6a6cb05c]" started-at="2024-10-16T14:35:51 IST" name="createContactTest" finished-at="2024-10-16T14:36:04 IST" duration-ms="12856" status="PASS">
          <reporter-output>
          </reporter-output>
        </test-method> <!-- createContactTest -->
        <test-method is-config="true" signature="configAS()[pri:0, instance:practice.testNG.SampleReportTest@6a6cb05c]" started-at="2024-10-16T14:36:04 IST" name="configAS" finished-at="2024-10-16T14:36:04 IST" duration-ms="635" status="PASS">
          <reporter-output>
          </reporter-output>
        </test-method> <!-- configAS -->
      </class> <!-- practice.testNG.SampleReportTest -->
    </test> <!-- Default test -->
  </suite> <!-- Default suite -->
</testng-results>
