<?xml version="1.0" encoding="UTF-8"?>
<!-- Generated by org.testng.reporters.JUnitXMLReporter -->
<testsuite ignored="0" hostname="LAPTOP-LTT1TUOC" failures="0" tests="3" name=" Demo WebShop Test" time="16.324" errors="0" timestamp="20 Sept 2024 11:38:15 GMT">
  <testcase classname="TestCases.voteTest" name="votetest" time="5.058"/>
  <testcase classname="TestCases.SearchTest" name="searchtestcases" time="6.291"/>
  <testcase classname="TestCases.subscribeTest" name="subscribetest" time="4.952"/>
</testsuite> <!--  Demo WebShop Test -->
